<?xml version="1.0" encoding="UTF-8"?>
<testng-results skipped="0" failed="0" total="1" passed="1">
  <reporter-output>
  </reporter-output>
  <suite name="Default suite" duration-ms="113" started-at="2016-05-19T05:09:33Z" finished-at="2016-05-19T05:09:33Z">
    <groups>
    </groups>
    <test name="Default test" duration-ms="113" started-at="2016-05-19T05:09:33Z" finished-at="2016-05-19T05:09:33Z">
      <class name="Java.TestNgPrac">
        <test-method status="PASS" signature="beforeSuite()[pri:0, instance:Java.TestNgPrac@64d8d3ce]" name="beforeSuite" is-config="true" duration-ms="15" started-at="2016-05-19T10:39:32Z" finished-at="2016-05-19T10:39:32Z">
          <reporter-output>
          </reporter-output>
        </test-method> <!-- beforeSuite -->
        <test-method status="PASS" signature="beforeTest()[pri:0, instance:Java.TestNgPrac@64d8d3ce]" name="beforeTest" is-config="true" duration-ms="2" started-at="2016-05-19T10:39:33Z" finished-at="2016-05-19T10:39:33Z">
          <reporter-output>
          </reporter-output>
        </test-method> <!-- beforeTest -->
        <test-method status="PASS" signature="beforeClass()[pri:0, instance:Java.TestNgPrac@64d8d3ce]" name="beforeClass" is-config="true" duration-ms="0" started-at="2016-05-19T10:39:33Z" finished-at="2016-05-19T10:39:33Z">
          <reporter-output>
          </reporter-output>
        </test-method> <!-- beforeClass -->
        <test-method status="PASS" signature="beforeMethod()[pri:0, instance:Java.TestNgPrac@64d8d3ce]" name="beforeMethod" is-config="true" duration-ms="1" started-at="2016-05-19T10:39:33Z" finished-at="2016-05-19T10:39:33Z">
          <reporter-output>
          </reporter-output>
        </test-method> <!-- beforeMethod -->
        <test-method status="PASS" signature="f()[pri:0, instance:Java.TestNgPrac@64d8d3ce]" name="f" duration-ms="45" started-at="2016-05-19T10:39:33Z" finished-at="2016-05-19T10:39:33Z">
          <reporter-output>
          </reporter-output>
        </test-method> <!-- f -->
        <test-method status="PASS" signature="afterMethod()[pri:0, instance:Java.TestNgPrac@64d8d3ce]" name="afterMethod" is-config="true" duration-ms="1" started-at="2016-05-19T10:39:33Z" finished-at="2016-05-19T10:39:33Z">
          <reporter-output>
          </reporter-output>
        </test-method> <!-- afterMethod -->
        <test-method status="PASS" signature="afterClass()[pri:0, instance:Java.TestNgPrac@64d8d3ce]" name="afterClass" is-config="true" duration-ms="1" started-at="2016-05-19T10:39:33Z" finished-at="2016-05-19T10:39:33Z">
          <reporter-output>
          </reporter-output>
        </test-method> <!-- afterClass -->
        <test-method status="PASS" signature="afterTest()[pri:0, instance:Java.TestNgPrac@64d8d3ce]" name="afterTest" is-config="true" duration-ms="0" started-at="2016-05-19T10:39:33Z" finished-at="2016-05-19T10:39:33Z">
          <reporter-output>
          </reporter-output>
        </test-method> <!-- afterTest -->
        <test-method status="PASS" signature="afterSuite()[pri:0, instance:Java.TestNgPrac@64d8d3ce]" name="afterSuite" is-config="true" duration-ms="1" started-at="2016-05-19T10:39:34Z" finished-at="2016-05-19T10:39:34Z">
          <reporter-output>
          </reporter-output>
        </test-method> <!-- afterSuite -->
      </class> <!-- Java.TestNgPrac -->
    </test> <!-- Default test -->
  </suite> <!-- Default suite -->
</testng-results>
